<?xml version="1.0" encoding="UTF-8"?>
<!-- Generated by org.testng.reporters.JUnitReportReporter -->
<testsuite skipped="0" hostname="LT0601215" name="talentwize.Test_FunctionalAccess_ReportPermission_EmployeeReport" tests="1" failures="0" timestamp="25 Mar 2019 04:37:12 GMT" time="101.671" errors="0">
  <testcase name="TT_1242" time="101.671" classname="talentwize.Test_FunctionalAccess_ReportPermission_EmployeeReport"/>
</testsuite> <!-- talentwize.Test_FunctionalAccess_ReportPermission_EmployeeReport -->
