<?xml version="1.0" encoding="UTF-8"?>
<!-- Generated by org.testng.reporters.JUnitReportReporter -->
<testsuite skipped="0" hostname="WS0601573" name="talentwize.Test_FunctionalAcessAdministration_Configuration_DomainSettings" tests="2" failures="0" timestamp="05 Dec 2018 10:38:16 GMT" time="106.656" errors="0">
  <testcase name="TT_170" time="52.312" classname="talentwize.Test_FunctionalAcessAdministration_Configuration_DomainSettings"/>
  <testcase name="TT_172" time="54.344" classname="talentwize.Test_FunctionalAcessAdministration_Configuration_DomainSettings"/>
</testsuite> <!-- talentwize.Test_FunctionalAcessAdministration_Configuration_DomainSettings -->
