<?xml version="1.0" encoding="UTF-8"?>
<!-- Generated by org.testng.reporters.JUnitReportReporter -->
<testsuite skipped="0" hostname="WS0601573" name="talentwize.Test_FunctionalAcess_Administration_UserManagement" tests="8" failures="0" timestamp="27 Nov 2018 09:39:02 GMT" time="344.417" errors="0">
  <testcase name="TT_39" time="40.522" classname="talentwize.Test_FunctionalAcess_Administration_UserManagement"/>
  <testcase name="TT_138" time="38.430" classname="talentwize.Test_FunctionalAcess_Administration_UserManagement"/>
  <testcase name="TT_140" time="37.912" classname="talentwize.Test_FunctionalAcess_Administration_UserManagement"/>
  <testcase name="TT_141" time="37.835" classname="talentwize.Test_FunctionalAcess_Administration_UserManagement"/>
  <testcase name="TT_142" time="45.001" classname="talentwize.Test_FunctionalAcess_Administration_UserManagement"/>
  <testcase name="TT_143" time="50.439" classname="talentwize.Test_FunctionalAcess_Administration_UserManagement"/>
  <testcase name="TT_144" time="46.428" classname="talentwize.Test_FunctionalAcess_Administration_UserManagement"/>
  <testcase name="TT_145" time="47.850" classname="talentwize.Test_FunctionalAcess_Administration_UserManagement"/>
</testsuite> <!-- talentwize.Test_FunctionalAcess_Administration_UserManagement -->
