<?xml version="1.0" encoding="UTF-8"?>
<!-- Generated by org.testng.reporters.JUnitReportReporter -->
<testsuite skipped="0" hostname="LT0601215" name="talentwize.Test_FunctionalAccess_Performance_CheckIn_Board" tests="1" failures="0" timestamp="11 Jul 2019 06:53:32 GMT" time="118.735" errors="0">
  <testcase name="TT_1022" time="118.735" classname="talentwize.Test_FunctionalAccess_Performance_CheckIn_Board"/>
</testsuite> <!-- talentwize.Test_FunctionalAccess_Performance_CheckIn_Board -->
