<?xml version="1.0" encoding="UTF-8"?>
<!-- Generated by org.testng.reporters.JUnitReportReporter -->
<testsuite skipped="0" hostname="WS0601573" name="talentwize.Test_FunctionalAccess_ED_ContactDetails" tests="1" failures="0" timestamp="24 Dec 2018 09:13:51 GMT" time="75.493" errors="0">
  <testcase name="TT_417" time="75.493" classname="talentwize.Test_FunctionalAccess_ED_ContactDetails"/>
</testsuite> <!-- talentwize.Test_FunctionalAccess_ED_ContactDetails -->
