<?xml version="1.0" encoding="UTF-8"?>
<!-- Generated by org.testng.reporters.JUnitReportReporter -->
<testsuite skipped="0" hostname="WS0601573" name="talentwize.Test_FunctionalAcessAdministration_Configuration_Broadcast" tests="1" failures="0" timestamp="10 Dec 2018 04:41:28 GMT" time="43.133" errors="0">
  <testcase name="TT_193" time="43.133" classname="talentwize.Test_FunctionalAcessAdministration_Configuration_Broadcast"/>
</testsuite> <!-- talentwize.Test_FunctionalAcessAdministration_Configuration_Broadcast -->
