<?xml version="1.0" encoding="UTF-8"?>
<!-- Generated by org.testng.reporters.JUnitReportReporter -->
<testsuite skipped="0" hostname="WS0601573" name="talentwize.Test_FunctionalAcess_Administration_Configuration_PowerBI" tests="1" failures="0" timestamp="11 Dec 2018 05:39:10 GMT" time="38.425" errors="0">
  <testcase name="TT_204" time="38.425" classname="talentwize.Test_FunctionalAcess_Administration_Configuration_PowerBI"/>
</testsuite> <!-- talentwize.Test_FunctionalAcess_Administration_Configuration_PowerBI -->
