<?xml version="1.0" encoding="UTF-8"?>
<!-- Generated by org.testng.reporters.JUnitReportReporter -->
<testsuite skipped="0" hostname="WS0601573" name="com.tekexperts.Test_CW_PlayBook" tests="1" failures="0" timestamp="17 Oct 2018 04:28:28 GMT" time="80.224" errors="0">
  <testcase name="test_CW_1258" time="80.224" classname="com.tekexperts.Test_CW_PlayBook"/>
</testsuite> <!-- com.tekexperts.Test_CW_PlayBook -->
