<?xml version="1.0" encoding="UTF-8"?>
<!-- Generated by org.testng.reporters.JUnitReportReporter -->
<testsuite skipped="0" hostname="WS0601573" name="talentwize.Test_FunctionalAcess_Administration_Configuration_CustomFields" tests="1" failures="0" timestamp="10 Dec 2018 10:14:45 GMT" time="47.902" errors="0">
  <testcase name="TT_198" time="47.902" classname="talentwize.Test_FunctionalAcess_Administration_Configuration_CustomFields"/>
</testsuite> <!-- talentwize.Test_FunctionalAcess_Administration_Configuration_CustomFields -->
