<?xml version="1.0" encoding="UTF-8"?>
<!-- Generated by org.testng.reporters.JUnitReportReporter -->
<testsuite skipped="0" hostname="WS0601573" name="talentwize.Test_FunctionalAcess_Administration_Configuration_Charts" tests="1" failures="0" timestamp="10 Dec 2018 10:55:43 GMT" time="38.118" errors="0">
  <testcase name="TT_200" time="38.118" classname="talentwize.Test_FunctionalAcess_Administration_Configuration_Charts"/>
</testsuite> <!-- talentwize.Test_FunctionalAcess_Administration_Configuration_Charts -->
