<?xml version="1.0" encoding="UTF-8"?>
<!-- Generated by org.testng.reporters.JUnitReportReporter -->
<testsuite skipped="0" hostname="WS0601573" name="talentwize.Test_FunctionalAccess_Leave_Management" tests="1" failures="0" timestamp="21 Dec 2018 06:38:48 GMT" time="245.236" errors="0">
  <testcase name="TT_397" time="245.236" classname="talentwize.Test_FunctionalAccess_Leave_Management"/>
</testsuite> <!-- talentwize.Test_FunctionalAccess_Leave_Management -->
