<?xml version="1.0" encoding="UTF-8"?>
<!-- Generated by org.testng.reporters.JUnitReportReporter -->
<testsuite skipped="0" hostname="WS0601573" name="talentwize.Test_FunctionalAcess_Administration_Configuration_CodeIdentity_Settings" tests="1" failures="0" timestamp="07 Dec 2018 02:37:10 GMT" time="40.559" errors="0">
  <testcase name="TT_174" time="40.559" classname="talentwize.Test_FunctionalAcess_Administration_Configuration_CodeIdentity_Settings"/>
</testsuite> <!-- talentwize.Test_FunctionalAcess_Administration_Configuration_CodeIdentity_Settings -->
