<?xml version="1.0" encoding="UTF-8"?>
<!-- Generated by org.testng.reporters.JUnitReportReporter -->
<testsuite skipped="0" hostname="LT0601123" name="talentwize.Test_FunctionalAccess_ProjectManagementPermission_ProjectDetail_ProjectSettings" tests="1" failures="0" timestamp="21 Feb 2019 07:58:24 GMT" time="152.081" errors="0">
  <testcase name="TT_1000" time="152.081" classname="talentwize.Test_FunctionalAccess_ProjectManagementPermission_ProjectDetail_ProjectSettings"/>
</testsuite> <!-- talentwize.Test_FunctionalAccess_ProjectManagementPermission_ProjectDetail_ProjectSettings -->
