<?xml version="1.0" encoding="UTF-8"?>
<!-- Generated by org.testng.reporters.JUnitReportReporter -->
<testsuite skipped="0" hostname="WS0601573" name="com.tekexperts.Test_CW_Login_AccountManagement" tests="17" failures="0" timestamp="15 Oct 2018 08:52:27 GMT" time="747.079" errors="0">
  <testcase name="test_CW_2108" time="22.526" classname="com.tekexperts.Test_CW_Login_AccountManagement"/>
  <testcase name="test_CW_2137" time="28.543" classname="com.tekexperts.Test_CW_Login_AccountManagement"/>
  <testcase name="test_CW_2139" time="23.682" classname="com.tekexperts.Test_CW_Login_AccountManagement"/>
  <testcase name="test_CW_2114" time="113.166" classname="com.tekexperts.Test_CW_Login_AccountManagement"/>
  <testcase name="test_CW_2141" time="10.383" classname="com.tekexperts.Test_CW_Login_AccountManagement"/>
  <testcase name="test_CW_2129" time="28.895" classname="com.tekexperts.Test_CW_Login_AccountManagement"/>
  <testcase name="test_CW_2146" time="76.245" classname="com.tekexperts.Test_CW_Login_AccountManagement"/>
  <testcase name="test_CW_2394" time="5.652" classname="com.tekexperts.Test_CW_Login_AccountManagement"/>
  <testcase name="test_CW_2154" time="47.873" classname="com.tekexperts.Test_CW_Login_AccountManagement"/>
  <testcase name="test_CW_2155" time="47.301" classname="com.tekexperts.Test_CW_Login_AccountManagement"/>
  <testcase name="test_CW_2113" time="112.900" classname="com.tekexperts.Test_CW_Login_AccountManagement"/>
  <testcase name="test_CW_2157" time="12.693" classname="com.tekexperts.Test_CW_Login_AccountManagement"/>
  <testcase name="test_CW_2153" time="53.338" classname="com.tekexperts.Test_CW_Login_AccountManagement"/>
  <testcase name="test_CW_2138" time="56.145" classname="com.tekexperts.Test_CW_Login_AccountManagement"/>
  <testcase name="test_CW_2140" time="46.725" classname="com.tekexperts.Test_CW_Login_AccountManagement"/>
  <testcase name="test_CW_2384" time="30.319" classname="com.tekexperts.Test_CW_Login_AccountManagement"/>
  <testcase name="test_CW_2382" time="30.693" classname="com.tekexperts.Test_CW_Login_AccountManagement"/>
</testsuite> <!-- com.tekexperts.Test_CW_Login_AccountManagement -->
