<?xml version="1.0" encoding="UTF-8"?>
<!-- Generated by org.testng.reporters.JUnitReportReporter -->
<testsuite skipped="0" hostname="WS0601573" name="talentwize.Test_FunctionalAccess_EmployeeList" tests="1" failures="0" timestamp="21 Dec 2018 07:55:29 GMT" time="60.820" errors="0">
  <testcase name="TT_404" time="60.820" classname="talentwize.Test_FunctionalAccess_EmployeeList"/>
</testsuite> <!-- talentwize.Test_FunctionalAccess_EmployeeList -->
