<?xml version="1.0" encoding="UTF-8"?>
<!-- Generated by org.testng.reporters.JUnitReportReporter -->
<testsuite skipped="0" hostname="LT0601123" name="talentwize.Test_FunctionalAccess_ReportPermission_AssetReport" tests="1" failures="0" timestamp="19 Mar 2019 02:27:28 GMT" time="99.227" errors="0">
  <testcase name="TT_1237" time="99.227" classname="talentwize.Test_FunctionalAccess_ReportPermission_AssetReport"/>
</testsuite> <!-- talentwize.Test_FunctionalAccess_ReportPermission_AssetReport -->
