<?xml version="1.0" encoding="UTF-8"?>
<!-- Generated by org.testng.reporters.JUnitReportReporter -->
<testsuite skipped="0" hostname="LT0601123" name="talentwize.Test_FunctionalAccess_ProjectManagementPermission_ProjectDetail_ImportMembertoProject" tests="1" failures="0" timestamp="20 Feb 2019 07:15:39 GMT" time="78.153" errors="0">
  <testcase name="TT_980" time="78.153" classname="talentwize.Test_FunctionalAccess_ProjectManagementPermission_ProjectDetail_ImportMembertoProject"/>
</testsuite> <!-- talentwize.Test_FunctionalAccess_ProjectManagementPermission_ProjectDetail_ImportMembertoProject -->
