<?xml version="1.0" encoding="UTF-8"?>
<!-- Generated by org.testng.reporters.JUnitReportReporter -->
<testsuite skipped="0" hostname="LT0601215" name="talentwize.Test_FunctionalAccess_TrainingPermission_MyAssignedTraining" tests="1" failures="0" timestamp="21 Mar 2019 04:32:18 GMT" time="91.036" errors="0">
  <testcase name="TT_1144" time="91.036" classname="talentwize.Test_FunctionalAccess_TrainingPermission_MyAssignedTraining"/>
</testsuite> <!-- talentwize.Test_FunctionalAccess_TrainingPermission_MyAssignedTraining -->
