<?xml version="1.0" encoding="UTF-8"?>
<!-- Generated by org.testng.reporters.JUnitReportReporter -->
<testsuite skipped="0" hostname="WS0601573" name="controller.DatabaseManager" tests="1" failures="0" timestamp="01 Nov 2018 03:33:34 GMT" time="0.554" errors="0">
  <testcase name="testContentEmail" time="0.554" classname="controller.DatabaseManager"/>
</testsuite> <!-- controller.DatabaseManager -->
