<?xml version="1.0" encoding="UTF-8"?>
<!-- Generated by org.testng.reporters.JUnitReportReporter -->
<testsuite skipped="0" hostname="WS0601573" name="talentwize.Test_FunctionalAccess_ProjectManagementPermission_QuotaManagement" tests="1" failures="0" timestamp="21 Feb 2019 10:53:02 GMT" time="108.585" errors="0">
  <testcase name="TT_968" time="108.585" classname="talentwize.Test_FunctionalAccess_ProjectManagementPermission_QuotaManagement"/>
</testsuite> <!-- talentwize.Test_FunctionalAccess_ProjectManagementPermission_QuotaManagement -->
