<?xml version="1.0" encoding="UTF-8"?>
<!-- Generated by org.testng.reporters.JUnitReportReporter -->
<testsuite skipped="0" hostname="WS0601573" name="talentwize.Test_FunctionalAcessAdministration_Configuration_Notifications" tests="1" failures="0" timestamp="07 Dec 2018 10:09:19 GMT" time="71.504" errors="0">
  <testcase name="TT_183" time="71.504" classname="talentwize.Test_FunctionalAcessAdministration_Configuration_Notifications"/>
</testsuite> <!-- talentwize.Test_FunctionalAcessAdministration_Configuration_Notifications -->
