<?xml version="1.0" encoding="UTF-8"?>
<!-- Generated by org.testng.reporters.JUnitReportReporter -->
<testsuite skipped="0" hostname="WS0601573" name="talentwize.Test_FunctionalAcessAdministration_Configuration_DefaultSettings" tests="1" failures="0" timestamp="04 Dec 2018 07:00:59 GMT" time="37.697" errors="0">
  <testcase name="TT_168" time="37.697" classname="talentwize.Test_FunctionalAcessAdministration_Configuration_DefaultSettings"/>
</testsuite> <!-- talentwize.Test_FunctionalAcessAdministration_Configuration_DefaultSettings -->
