<?xml version="1.0" encoding="UTF-8"?>
<!-- Generated by org.testng.reporters.JUnitReportReporter -->
<testsuite skipped="0" hostname="WS0601573" name="talentwize.Test_FunctionalAcess_Leave_Calendar" tests="1" failures="0" timestamp="11 Dec 2018 07:27:46 GMT" time="90.443" errors="0">
  <testcase name="TT_209" time="90.443" classname="talentwize.Test_FunctionalAcess_Leave_Calendar"/>
</testsuite> <!-- talentwize.Test_FunctionalAcess_Leave_Calendar -->
