<?xml version="1.0" encoding="UTF-8"?>
<!-- Generated by org.testng.reporters.JUnitReportReporter -->
<testsuite skipped="0" hostname="WS0601573" name="Ulties.PropertyManager" tests="1" failures="0" timestamp="09 Oct 2018 10:29:59 GMT" time="0.025" errors="0">
  <testcase name="test" time="0.025" classname="Ulties.PropertyManager"/>
</testsuite> <!-- Ulties.PropertyManager -->
