<?xml version="1.0" encoding="UTF-8"?>
<!-- Generated by org.testng.reporters.JUnitReportReporter -->
<testsuite skipped="0" hostname="WS0601573" name="tektravel.TestTekTravel" tests="1" failures="0" timestamp="03 Dec 2018 09:11:51 GMT" time="0.018" errors="0">
  <testcase name="testTekTravel1" time="0.018" classname="tektravel.TestTekTravel"/>
</testsuite> <!-- tektravel.TestTekTravel -->
