<?xml version="1.0" encoding="UTF-8"?>
<!-- Generated by org.testng.reporters.JUnitReportReporter -->
<testsuite skipped="0" hostname="LT0601215" name="talentwize.Test_TimesheetPermission_Timesheet_Management" tests="5" failures="0" timestamp="18 Mar 2019 08:17:30 GMT" time="644.933" errors="0">
  <testcase name="TT_1139" time="100.377" classname="talentwize.Test_TimesheetPermission_Timesheet_Management"/>
  <testcase name="TT_1137" time="145.575" classname="talentwize.Test_TimesheetPermission_Timesheet_Management"/>
  <testcase name="TT_1135" time="117.087" classname="talentwize.Test_TimesheetPermission_Timesheet_Management"/>
  <testcase name="TT_1136" time="168.400" classname="talentwize.Test_TimesheetPermission_Timesheet_Management"/>
  <testcase name="TT_1138" time="113.494" classname="talentwize.Test_TimesheetPermission_Timesheet_Management"/>
</testsuite> <!-- talentwize.Test_TimesheetPermission_Timesheet_Management -->
