<?xml version="1.0" encoding="UTF-8"?>
<!-- Generated by org.testng.reporters.JUnitReportReporter -->
<testsuite skipped="0" hostname="WS0601573" name="talentwize.Test_FunctionalAccess_Leave_ImportBalance" tests="1" failures="0" timestamp="18 Dec 2018 09:12:58 GMT" time="42.023" errors="0">
  <testcase name="TT_338" time="42.023" classname="talentwize.Test_FunctionalAccess_Leave_ImportBalance"/>
</testsuite> <!-- talentwize.Test_FunctionalAccess_Leave_ImportBalance -->
