<?xml version="1.0" encoding="UTF-8"?>
<!-- Generated by org.testng.reporters.JUnitReportReporter -->
<testsuite skipped="0" hostname="WS0601573" name="talentwize.Test_FunctionalAccess_ED_OtherContacts" tests="1" failures="0" timestamp="25 Dec 2018 03:07:04 GMT" time="90.731" errors="0">
  <testcase name="TT_453" time="90.731" classname="talentwize.Test_FunctionalAccess_ED_OtherContacts"/>
</testsuite> <!-- talentwize.Test_FunctionalAccess_ED_OtherContacts -->
