<?xml version="1.0" encoding="UTF-8"?>
<!-- Generated by org.testng.reporters.JUnitReportReporter -->
<testsuite skipped="0" hostname="WS0601573" name="talentwize.Test_FunctionalAcessAdministration_Configuration_SelectInputs" tests="1" failures="0" timestamp="07 Dec 2018 03:46:06 GMT" time="36.903" errors="0">
  <testcase name="TT_177" time="36.903" classname="talentwize.Test_FunctionalAcessAdministration_Configuration_SelectInputs"/>
</testsuite> <!-- talentwize.Test_FunctionalAcessAdministration_Configuration_SelectInputs -->
