<?xml version="1.0" encoding="UTF-8"?>
<!-- Generated by org.testng.reporters.JUnitReportReporter -->
<testsuite skipped="0" hostname="WS0601573" name="talentwize.Test_FunctionalAcess_Leave_Configuration" tests="1" failures="0" timestamp="12 Dec 2018 08:21:25 GMT" time="2861.505" errors="0">
  <testcase name="TT_333" time="2861.505" classname="talentwize.Test_FunctionalAcess_Leave_Configuration"/>
</testsuite> <!-- talentwize.Test_FunctionalAcess_Leave_Configuration -->
