<?xml version="1.0" encoding="UTF-8"?>
<!-- Generated by org.testng.reporters.JUnitReportReporter -->
<testsuite skipped="0" hostname="WS0601573" name="talentwize.Test_FunctionalAccess_ED_Document" tests="1" failures="0" timestamp="24 May 2019 02:51:39 GMT" time="122.284" errors="0">
  <testcase name="TT_958" time="122.284" classname="talentwize.Test_FunctionalAccess_ED_Document"/>
</testsuite> <!-- talentwize.Test_FunctionalAccess_ED_Document -->
