<?xml version="1.0" encoding="UTF-8"?>
<!-- Generated by org.testng.reporters.JUnitReportReporter -->
<testsuite skipped="0" hostname="WS0601573" name="talentwize.Test_FunctionalAcess_Administration_Configuration_Mentors" tests="2" failures="0" timestamp="10 Dec 2018 02:16:18 GMT" time="77.430" errors="0">
  <testcase name="TT_187" time="42.091" classname="talentwize.Test_FunctionalAcess_Administration_Configuration_Mentors"/>
  <testcase name="TT_189" time="35.339" classname="talentwize.Test_FunctionalAcess_Administration_Configuration_Mentors"/>
</testsuite> <!-- talentwize.Test_FunctionalAcess_Administration_Configuration_Mentors -->
