<?xml version="1.0" encoding="UTF-8"?>
<!-- Generated by org.testng.reporters.JUnitReportReporter -->
<testsuite skipped="0" hostname="WS0601573" name="talentwize.Test_FunctionalAcess_Administration_AuditLog" tests="1" failures="0" timestamp="28 Nov 2018 02:57:25 GMT" time="40.511" errors="0">
  <testcase name="TT_207" time="40.511" classname="talentwize.Test_FunctionalAcess_Administration_AuditLog"/>
</testsuite> <!-- talentwize.Test_FunctionalAcess_Administration_AuditLog -->
