<?xml version="1.0" encoding="UTF-8"?>
<!-- Generated by org.testng.reporters.JUnitReportReporter -->
<testsuite skipped="0" hostname="LT0601215" name="talentwize.Test_FunctionalAcess_Administration_Configuration_DefaultSettings" tests="1" failures="0" timestamp="19 Mar 2019 02:23:14 GMT" time="100.928" errors="0">
  <testcase name="TT_1517" time="100.928" classname="talentwize.Test_FunctionalAcess_Administration_Configuration_DefaultSettings"/>
</testsuite> <!-- talentwize.Test_FunctionalAcess_Administration_Configuration_DefaultSettings -->
