<?xml version="1.0" encoding="UTF-8"?>
<!-- Generated by org.testng.reporters.JUnitReportReporter -->
<testsuite skipped="0" hostname="WS0601573" name="talentwize.Test_FunctionalAcessAdministration_Organization_JobTitle" tests="4" failures="0" timestamp="06 Dec 2018 09:05:21 GMT" time="302.109" errors="0">
  <testcase name="TT_163" time="83.146" classname="talentwize.Test_FunctionalAcessAdministration_Organization_JobTitle"/>
  <testcase name="TT_164" time="69.649" classname="talentwize.Test_FunctionalAcessAdministration_Organization_JobTitle"/>
  <testcase name="TT_165" time="82.276" classname="talentwize.Test_FunctionalAcessAdministration_Organization_JobTitle"/>
  <testcase name="TT_166" time="67.038" classname="talentwize.Test_FunctionalAcessAdministration_Organization_JobTitle"/>
</testsuite> <!-- talentwize.Test_FunctionalAcessAdministration_Organization_JobTitle -->
