<?xml version="1.0" encoding="UTF-8"?>
<!-- Generated by org.testng.reporters.JUnitReportReporter -->
<testsuite skipped="0" hostname="WS0601573" name="talentwize.Test_FunctionalAccess_ED_Personal_Details" tests="1" failures="0" timestamp="24 Dec 2018 07:07:15 GMT" time="48.180" errors="0">
  <testcase name="TT_408" time="48.180" classname="talentwize.Test_FunctionalAccess_ED_Personal_Details"/>
</testsuite> <!-- talentwize.Test_FunctionalAccess_ED_Personal_Details -->
