<?xml version="1.0" encoding="UTF-8"?>
<!-- Generated by org.testng.reporters.JUnitReportReporter -->
<testsuite skipped="0" hostname="WS0601573" name="talentwize.Test_TW_FunctionalAcess_User_Management" tests="1" failures="0" timestamp="16 Nov 2018 07:32:49 GMT" time="42.984" errors="0">
  <testcase name="TT_39" time="42.984" classname="talentwize.Test_TW_FunctionalAcess_User_Management"/>
</testsuite> <!-- talentwize.Test_TW_FunctionalAcess_User_Management -->
