<?xml version="1.0" encoding="UTF-8"?>
<!-- Generated by org.testng.reporters.JUnitReportReporter -->
<testsuite skipped="0" hostname="LT0601215" name="talentwize.Test_FunctionalAccess_ReportPermission_LeaveReport" tests="1" failures="0" timestamp="25 Mar 2019 05:25:42 GMT" time="96.223" errors="0">
  <testcase name="TT_1244" time="96.223" classname="talentwize.Test_FunctionalAccess_ReportPermission_LeaveReport"/>
</testsuite> <!-- talentwize.Test_FunctionalAccess_ReportPermission_LeaveReport -->
