<?xml version="1.0" encoding="UTF-8"?>
<!-- Generated by org.testng.reporters.JUnitReportReporter -->
<testsuite skipped="0" hostname="WS0601573" name="talentwize.Test_FunctionalAcess_Administration_Configuration_AzureLDAP" tests="1" failures="0" timestamp="11 Dec 2018 03:48:34 GMT" time="50.995" errors="0">
  <testcase name="TT_202" time="50.995" classname="talentwize.Test_FunctionalAcess_Administration_Configuration_AzureLDAP"/>
</testsuite> <!-- talentwize.Test_FunctionalAcess_Administration_Configuration_AzureLDAP -->
