<?xml version="1.0" encoding="UTF-8"?>
<!-- Generated by org.testng.reporters.JUnitReportReporter -->
<testsuite skipped="0" hostname="WS0601573" name="talentwize.Test_FunctionalAcess_Administration_Organization_Units" tests="4" failures="0" timestamp="30 Nov 2018 03:53:27 GMT" time="286.762" errors="0">
  <testcase name="TT_157" time="72.688" classname="talentwize.Test_FunctionalAcess_Administration_Organization_Units"/>
  <testcase name="TT_158" time="76.879" classname="talentwize.Test_FunctionalAcess_Administration_Organization_Units"/>
  <testcase name="TT_159" time="53.645" classname="talentwize.Test_FunctionalAcess_Administration_Organization_Units"/>
  <testcase name="TT_160" time="83.550" classname="talentwize.Test_FunctionalAcess_Administration_Organization_Units"/>
</testsuite> <!-- talentwize.Test_FunctionalAcess_Administration_Organization_Units -->
