<?xml version="1.0" encoding="UTF-8"?>
<!-- Generated by org.testng.reporters.JUnitReportReporter -->
<testsuite skipped="0" hostname="WS0601573" name="talentwize.Test_FunctionalAcess_Administration_UserManagement_Users" tests="1" failures="0" timestamp="06 Dec 2018 07:48:57 GMT" time="145.456" errors="0">
  <testcase name="TT_140" time="145.456" classname="talentwize.Test_FunctionalAcess_Administration_UserManagement_Users"/>
</testsuite> <!-- talentwize.Test_FunctionalAcess_Administration_UserManagement_Users -->
