<?xml version="1.0" encoding="UTF-8"?>
<!-- Generated by org.testng.reporters.JUnitReportReporter -->
<testsuite skipped="0" hostname="WS0601573" name="talentwize.Test_FunctionalAcess_Administration_Organization_Sites" tests="1" failures="0" timestamp="30 Nov 2018 04:20:59 GMT" time="61.646" errors="0">
  <testcase name="TT_157" time="61.646" classname="talentwize.Test_FunctionalAcess_Administration_Organization_Sites"/>
</testsuite> <!-- talentwize.Test_FunctionalAcess_Administration_Organization_Sites -->
