<?xml version="1.0" encoding="UTF-8"?>
<!-- Generated by org.testng.reporters.JUnitReportReporter -->
<testsuite skipped="0" hostname="LT0601123" name="talentwize.Test_FunctionalAccess_ReportPermission_TimesheetReport" tests="1" failures="0" timestamp="18 Mar 2019 09:32:17 GMT" time="82.243" errors="0">
  <testcase name="TT_1248" time="82.243" classname="talentwize.Test_FunctionalAccess_ReportPermission_TimesheetReport"/>
</testsuite> <!-- talentwize.Test_FunctionalAccess_ReportPermission_TimesheetReport -->
